{
  "RSpec": {
    "coverage": {
      "/Users/Sara/Projects/MAKERS/_exercises/Tech tests/Bank /spec/account_spec.rb": [
        null,
        null,
        null,
        null,
        1,
        null,
        1,
        null,
        1,
        1,
        1,
        null,
        null,
        1,
        2,
        null,
        null,
        1,
        2,
        null,
        null,
        1,
        2,
        null,
        null,
        null,
        1,
        5,
        null,
        1,
        1,
        null,
        null,
        1,
        2,
        null,
        null,
        1,
        2,
        null,
        null,
        1,
        2,
        null,
        null,
        null,
        1,
        1,
        1,
        null,
        null,
        1,
        1,
        null,
        null,
        null,
        null,
        null,
        null,
        null
      ],
      "/Users/Sara/Projects/MAKERS/_exercises/Tech tests/Bank /lib/account.rb": [
        null,
        null,
        1,
        null,
        1,
        1,
        null,
        1,
        10,
        10,
        null,
        null,
        1,
        4,
        1,
        1,
        1,
        null,
        null,
        1,
        4,
        2,
        1,
        1,
        1,
        null,
        null,
        1,
        10,
        null,
        null,
        1,
        null,
        1,
        2,
        null,
        null,
        1,
        2,
        null,
        null,
        1,
        8,
        5,
        null,
        null,
        null
      ],
      "/Users/Sara/Projects/MAKERS/_exercises/Tech tests/Bank /spec/printer_spec.rb": [
        1,
        1,
        null,
        1,
        1,
        null,
        1,
        null,
        null,
        null,
        1,
        null,
        null,
        null,
        null,
        null
      ],
      "/Users/Sara/Projects/MAKERS/_exercises/Tech tests/Bank /lib/printer.rb": [
        1,
        null,
        1,
        1,
        0,
        null,
        null,
        1,
        null,
        null,
        null,
        null
      ]
    },
    "timestamp": 1576669572
  }
}
