{
  "RSpec": {
    "coverage": {
      "/Users/Sara/Projects/MAKERS/_exercises/Tech tests/Bank /spec/account_spec.rb": [
        1,
        null,
        1,
        null,
        1,
        1,
        1,
        null,
        null,
        1,
        2,
        null,
        null,
        1,
        2,
        null,
        null,
        1,
        2,
        null,
        null,
        null,
        null,
        1,
        3,
        null,
        1,
        1,
        null,
        null,
        1,
        2,
        null,
        null,
        1,
        2,
        null,
        null,
        1,
        2,
        null,
        null,
        null,
        null,
        1,
        1,
        1,
        null,
        null,
        1,
        1,
        null,
        null,
        null,
        1,
        1,
        2,
        null,
        null,
        1,
        1,
        2,
        null,
        null,
        1,
        1,
        2,
        null,
        null,
        1,
        1,
        1,
        2,
        null,
        null,
        null,
        null,
        null
      ],
      "/Users/Sara/Projects/MAKERS/_exercises/Tech tests/Bank /lib/account.rb": [
        1,
        null,
        1,
        1,
        14,
        14,
        null,
        null,
        1,
        7,
        3,
        null,
        4,
        4,
        4,
        4,
        null,
        null,
        null,
        1,
        5,
        2,
        null,
        3,
        1,
        null,
        2,
        2,
        2,
        2,
        null,
        null,
        null,
        null,
        1,
        4,
        null,
        null,
        1,
        14,
        11,
        null,
        3,
        null,
        null,
        null,
        1,
        null,
        1,
        4,
        null,
        null,
        1,
        2,
        null,
        null,
        1,
        12,
        5,
        null,
        7,
        null,
        null,
        null,
        null
      ]
    },
    "timestamp": 1576579960
  }
}
